0 info it worked if it ends with ok
1 verbose cli [ '/usr/local/bin/node', '/usr/local/bin/npm', 'install', '-g' ]
2 info using npm@1.4.28
3 info using node@v0.10.32
4 verbose cache add [ '.', null ]
5 verbose cache add name=undefined spec="." args=[".",null]
6 verbose parsed url { protocol: null,
6 verbose parsed url   slashes: null,
6 verbose parsed url   auth: null,
6 verbose parsed url   host: null,
6 verbose parsed url   port: null,
6 verbose parsed url   hostname: null,
6 verbose parsed url   hash: null,
6 verbose parsed url   search: null,
6 verbose parsed url   query: null,
6 verbose parsed url   pathname: '.',
6 verbose parsed url   path: '.',
6 verbose parsed url   href: '.' }
7 silly lockFile 3a52ce78- .
8 verbose lock . /home/hagag-md/.npm/3a52ce78-.lock
9 verbose tar pack [ '/home/hagag-md/.npm/gift-checker/1.0.0/package.tgz', '.' ]
10 verbose tarball /home/hagag-md/.npm/gift-checker/1.0.0/package.tgz
11 verbose folder .
12 info prepublish gift-checker@1.0.0
13 silly lockFile 1f1177db-tar tar://.
14 verbose lock tar://. /home/hagag-md/.npm/1f1177db-tar.lock
15 silly lockFile 69e613c9-m-gift-checker-1-0-0-package-tgz tar:///home/hagag-md/.npm/gift-checker/1.0.0/package.tgz
16 verbose lock tar:///home/hagag-md/.npm/gift-checker/1.0.0/package.tgz /home/hagag-md/.npm/69e613c9-m-gift-checker-1-0-0-package-tgz.lock
17 silly lockFile 1f1177db-tar tar://.
18 silly lockFile 1f1177db-tar tar://.
19 silly lockFile 69e613c9-m-gift-checker-1-0-0-package-tgz tar:///home/hagag-md/.npm/gift-checker/1.0.0/package.tgz
20 silly lockFile 69e613c9-m-gift-checker-1-0-0-package-tgz tar:///home/hagag-md/.npm/gift-checker/1.0.0/package.tgz
21 silly lockFile dc9952a5-d-npm-gift-checker-1-0-0-package /home/hagag-md/.npm/gift-checker/1.0.0/package
22 verbose lock /home/hagag-md/.npm/gift-checker/1.0.0/package /home/hagag-md/.npm/dc9952a5-d-npm-gift-checker-1-0-0-package.lock
23 silly lockFile dc9952a5-d-npm-gift-checker-1-0-0-package /home/hagag-md/.npm/gift-checker/1.0.0/package
24 silly lockFile dc9952a5-d-npm-gift-checker-1-0-0-package /home/hagag-md/.npm/gift-checker/1.0.0/package
25 silly lockFile 3a52ce78- .
26 silly lockFile 3a52ce78- .
27 silly resolved [ { name: 'gift-checker',
27 silly resolved     version: '1.0.0',
27 silly resolved     description: 'vue & express app',
27 silly resolved     main: 'index.js',
27 silly resolved     scripts: { test: 'echo "Error: no test specified" && exit 1' },
27 silly resolved     repository:
27 silly resolved      { type: 'git',
27 silly resolved        url: 'https://github.com/ahmedalaahagag/gift-checker' },
27 silly resolved     keywords: [ 'vue', 'express' ],
27 silly resolved     dependencies: { 'body-parser': '*', handlebars: '*', path: '*', express: '*' },
27 silly resolved     author: { name: 'ahmedalaaahagag' },
27 silly resolved     license: 'ISC',
27 silly resolved     bugs: { url: 'https://github.com/ahmedalaahagag/gift-checker/issues' },
27 silly resolved     homepage: 'https://github.com/ahmedalaahagag/gift-checker',
27 silly resolved     readme: 'ERROR: No README data found!',
27 silly resolved     _id: 'gift-checker@1.0.0',
27 silly resolved     _shasum: '2af274ddfb2f29906fc8f9b858f27d0bcc5b0cdb',
27 silly resolved     _from: '.' } ]
28 info install gift-checker@1.0.0 into /usr/local/lib
29 info installOne gift-checker@1.0.0
30 verbose lib/node_modules/gift-checker unbuild
31 verbose tar unpack /home/hagag-md/.npm/gift-checker/1.0.0/package.tgz
32 silly lockFile 6308ceab-al-lib-node-modules-gift-checker tar:///usr/local/lib/node_modules/gift-checker
33 verbose lock tar:///usr/local/lib/node_modules/gift-checker /home/hagag-md/.npm/6308ceab-al-lib-node-modules-gift-checker.lock
34 silly lockFile 69e613c9-m-gift-checker-1-0-0-package-tgz tar:///home/hagag-md/.npm/gift-checker/1.0.0/package.tgz
35 verbose lock tar:///home/hagag-md/.npm/gift-checker/1.0.0/package.tgz /home/hagag-md/.npm/69e613c9-m-gift-checker-1-0-0-package-tgz.lock
36 silly gunzTarPerm modes [ '755', '644' ]
37 error Error: EACCES, mkdir '/usr/local/lib/node_modules/gift-checker'
37 error  { [Error: EACCES, mkdir '/usr/local/lib/node_modules/gift-checker']
37 error   errno: 3,
37 error   code: 'EACCES',
37 error   path: '/usr/local/lib/node_modules/gift-checker',
37 error   fstream_type: 'Directory',
37 error   fstream_path: '/usr/local/lib/node_modules/gift-checker',
37 error   fstream_class: 'DirWriter',
37 error   fstream_stack:
37 error    [ '/usr/local/lib/node_modules/npm/node_modules/fstream/lib/dir-writer.js:36:23',
37 error      '/usr/local/lib/node_modules/npm/node_modules/mkdirp/index.js:46:53',
37 error      'Object.oncomplete (fs.js:107:15)' ] }
38 error Please try running this command again as root/Administrator.
39 error System Linux 4.10.0-26-generic
40 error command "/usr/local/bin/node" "/usr/local/bin/npm" "install" "-g"
41 error cwd /home/hagag-md/gift-checker
42 error node -v v0.10.32
43 error npm -v 1.4.28
44 error path /usr/local/lib/node_modules/gift-checker
45 error fstream_path /usr/local/lib/node_modules/gift-checker
46 error fstream_type Directory
47 error fstream_class DirWriter
48 error code EACCES
49 error errno 3
50 error stack Error: EACCES, mkdir '/usr/local/lib/node_modules/gift-checker'
51 error fstream_stack /usr/local/lib/node_modules/npm/node_modules/fstream/lib/dir-writer.js:36:23
51 error fstream_stack /usr/local/lib/node_modules/npm/node_modules/mkdirp/index.js:46:53
51 error fstream_stack Object.oncomplete (fs.js:107:15)
52 verbose exit [ 3, true ]
